<?xml version="1.0" encoding="UTF-8"?>
<testng-results ignored="0" total="1" passed="1" failed="0" skipped="0">
  <reporter-output>
  </reporter-output>
  <suite started-at="2024-02-25T23:20:37 IST" name="AutoFrameworkTestingSuite" finished-at="2024-02-25T23:20:55 IST" duration-ms="18579">
    <groups>
    </groups>
    <test started-at="2024-02-25T23:20:37 IST" name="Test" finished-at="2024-02-25T23:20:55 IST" duration-ms="18579">
      <class name="trialTestPack.BasicFrameworkTest">
        <test-method is-config="true" signature="startBrowserURL(java.lang.String)[pri:0, instance:trialTestPack.BasicFrameworkTest@7c6908d7]" started-at="2024-02-25T23:20:37 IST" name="startBrowserURL" finished-at="2024-02-25T23:20:44 IST" duration-ms="7146" status="PASS">
          <params>
            <param index="0">
              <value>
                <![CDATA[edge]]>
              </value>
            </param>
          </params>
          <reporter-output>
          </reporter-output>
        </test-method> <!-- startBrowserURL -->
        <test-method signature="Demoworkshop()[pri:0, instance:trialTestPack.BasicFrameworkTest@7c6908d7]" started-at="2024-02-25T23:20:44 IST" name="Demoworkshop" finished-at="2024-02-25T23:20:55 IST" duration-ms="11126" status="PASS">
          <reporter-output>
          </reporter-output>
        </test-method> <!-- Demoworkshop -->
        <test-method is-config="true" signature="endTest()[pri:0, instance:trialTestPack.BasicFrameworkTest@7c6908d7]" started-at="2024-02-25T23:20:55 IST" name="endTest" finished-at="2024-02-25T23:20:55 IST" duration-ms="271" status="PASS">
          <reporter-output>
          </reporter-output>
        </test-method> <!-- endTest -->
      </class> <!-- trialTestPack.BasicFrameworkTest -->
    </test> <!-- Test -->
  </suite> <!-- AutoFrameworkTestingSuite -->
</testng-results>
